<?xml version="1.0" encoding="UTF-8"?>
<TestRun id="a0062ee1-fda9-4de3-90a6-ae2f4ae6ff2e" name="Homer@HOMEROVO 2012-03-28 23:35:18" runUser="HOMEROVO\Homer" xmlns="http://microsoft.com/schemas/VisualStudio/TeamTest/2006">
  <TestRunConfiguration name="Local SmartDevices Test Run" id="eaf9488b-4c80-433e-88d8-9dc68726b8bb">
    <Description>This is a default test run configuration for a local SmartDevice test run.</Description>
    <Deployment runDeploymentRoot="C:\Dokumenty\Elektro\Konstrukce\RC Telemetry\DBOXPDA\TestResults\Homer_HOMEROVO 2012-03-28 23_35_18">
      <DeploymentItem filename="C:\Dokumenty\Elektro\Konstrukce\RC Telemetry\DBOXPDA\DBox\Nini.dll" />
      <DeploymentItem filename="C:\Dokumenty\Elektro\Konstrukce\RC Telemetry\DBOXPDA\DBox\bin\Debug\DBox.exe" />
    </Deployment>
    <Hosts type="Smart Device">
      <DeviceHostRunConfigData name="Smart Device" deviceId="25D984D9-0DFE-4DB1-A5A0-9A4F660BF2CE" deviceName="USA Windows Mobile 5.0 Pocket PC R2 Emulator" platformId="4118C335-430C-497f-BE48-11C3316B135E" platformName="Windows Mobile 5.0 Pocket PC SDK" uiPlatformId="4118C335-430C-497f-BE48-11C3316B135E" />
    </Hosts>
    <TestTypeSpecific />
  </TestRunConfiguration>
  <ResultSummary outcome="Error">
    <Counters total="7" error="0" failed="0" timeout="0" aborted="0" inconclusive="0" passedButRunAborted="0" notRunnable="0" notExecuted="7" disconnected="0" warning="0" passed="0" completed="0" inProgress="0" pending="0" />
    <RunInfos>
      <RunInfo computerName="HOMEROVO" outcome="Error" timestamp="2012-03-28T23:35:23.9230000+02:00">
        <Text>Failed to queue test run 'Homer@HOMEROVO 2012-03-28 23:35:18': Unable to start program 'E:\Program Files\Microsoft Visual Studio 9.0\Common7\IDE\vstesthost.exe'.

An error occurred that usually indicates a corrupt installation (code 0x80004002). If the problem persists, repair your Visual Studio installation via 'Add or Remove Programs' in Control Panel.</Text>
        <Exception>System.Runtime.InteropServices.COMException (0x89710016): Unable to start program 'E:\Program Files\Microsoft Visual Studio 9.0\Common7\IDE\vstesthost.exe'.

An error occurred that usually indicates a corrupt installation (code 0x80004002). If the problem persists, repair your Visual Studio installation via 'Add or Remove Programs' in Control Panel.
   at System.Windows.Forms.Control.MarshaledInvoke(Control caller, Delegate method, Object[] args, Boolean synchronous)
   at System.Windows.Forms.Control.Invoke(Delegate method, Object[] args)
   at Microsoft.VisualStudio.TestTools.TestCaseManagement.UIThreadInvoker.Invoke(Delegate method, Object[] args)
   at Microsoft.VisualStudio.TestTools.TestCaseManagement.SolutionIntegrationManager.DebugTarget(DebugInfo debugInfo, Boolean prepareEnvironment)
   at Microsoft.VisualStudio.TestTools.TestManagement.DebugProcessLauncher.Launch(String exeFileName, String args, String workingDir, EventHandler processExitedHandler, Process&amp; process)
   at Microsoft.VisualStudio.TestTools.TestManagement.LocalControllerProxy.StartProcess(TestRun run)
   at Microsoft.VisualStudio.TestTools.TestManagement.LocalControllerProxy.RestartProcess(TestRun run)
   at Microsoft.VisualStudio.TestTools.TestManagement.LocalControllerProxy.PrepareProcess(TestRun run)
   at Microsoft.VisualStudio.TestTools.TestManagement.LocalControllerProxy.InitializeController(TestRun run)
   at Microsoft.VisualStudio.TestTools.TestManagement.ControllerProxy.QueueTestRunWorker(Object state)</Exception>
      </RunInfo>
    </RunInfos>
  </ResultSummary>
  <Times creation="2012-03-28T23:35:18.9660000+02:00" queuing="2012-03-28T23:35:18.9660000+02:00" start="2012-03-28T23:35:18.9660000+02:00" finish="2012-03-28T23:35:23.9470000+02:00" />
  <TestDefinitions>
    <UnitTest name="set_AirportNameTest" storage="c:\dokumenty\elektro\konstrukce\rc telemetry\dboxpda\testairport\bin\debug\testairport.dll" id="65919945-e26d-3ca8-16ed-0923d8b6e8b6">
      <Css projectStructure="" iteration="" />
      <Owners>
        <Owner name="" />
      </Owners>
      <TestMethod codeBase="C:\Dokumenty\Elektro\Konstrukce\RC Telemetry\DBOXPDA\TestAirport\bin\Debug\TestAirport.dll" adapterTypeName="Microsoft.VisualStudio.TestTools.TestTypes.Unit.UnitTestAdapter, Microsoft.VisualStudio.QualityTools.Tips.UnitTest.Adapter, Version=9.0.0.0, Culture=neutral, PublicKeyToken=b03f5f7f11d50a3a" className="TestAirport.AirportTest, TestAirport" name="set_AirportNameTest" />
    </UnitTest>
    <UnitTest name="get_AirportNameTest" storage="c:\dokumenty\elektro\konstrukce\rc telemetry\dboxpda\testairport\bin\debug\testairport.dll" id="af1ce17c-01a3-40c2-2f17-a98032d63d39">
      <Css projectStructure="" iteration="" />
      <Owners>
        <Owner name="" />
      </Owners>
      <TestMethod codeBase="C:\Dokumenty\Elektro\Konstrukce\RC Telemetry\DBOXPDA\TestAirport\bin\Debug\TestAirport.dll" adapterTypeName="Microsoft.VisualStudio.TestTools.TestTypes.Unit.UnitTestAdapter, Microsoft.VisualStudio.QualityTools.Tips.UnitTest.Adapter, Version=9.0.0.0, Culture=neutral, PublicKeyToken=b03f5f7f11d50a3a" className="TestAirport.AirportTest, TestAirport" name="get_AirportNameTest" />
    </UnitTest>
    <UnitTest name="set_AirportIDTest" storage="c:\dokumenty\elektro\konstrukce\rc telemetry\dboxpda\testairport\bin\debug\testairport.dll" id="133ce561-d845-830e-d1ce-02073c2786e6">
      <Css projectStructure="" iteration="" />
      <Owners>
        <Owner name="" />
      </Owners>
      <TestMethod codeBase="C:\Dokumenty\Elektro\Konstrukce\RC Telemetry\DBOXPDA\TestAirport\bin\Debug\TestAirport.dll" adapterTypeName="Microsoft.VisualStudio.TestTools.TestTypes.Unit.UnitTestAdapter, Microsoft.VisualStudio.QualityTools.Tips.UnitTest.Adapter, Version=9.0.0.0, Culture=neutral, PublicKeyToken=b03f5f7f11d50a3a" className="TestAirport.AirportTest, TestAirport" name="set_AirportIDTest" />
    </UnitTest>
    <UnitTest name="set_AirportAltitudeTest" storage="c:\dokumenty\elektro\konstrukce\rc telemetry\dboxpda\testairport\bin\debug\testairport.dll" id="7ca93f27-601f-17c1-0ee3-1515365324e3">
      <Css projectStructure="" iteration="" />
      <Owners>
        <Owner name="" />
      </Owners>
      <TestMethod codeBase="C:\Dokumenty\Elektro\Konstrukce\RC Telemetry\DBOXPDA\TestAirport\bin\Debug\TestAirport.dll" adapterTypeName="Microsoft.VisualStudio.TestTools.TestTypes.Unit.UnitTestAdapter, Microsoft.VisualStudio.QualityTools.Tips.UnitTest.Adapter, Version=9.0.0.0, Culture=neutral, PublicKeyToken=b03f5f7f11d50a3a" className="TestAirport.AirportTest, TestAirport" name="set_AirportAltitudeTest" />
    </UnitTest>
    <UnitTest name="AirportConstructorTest" storage="c:\dokumenty\elektro\konstrukce\rc telemetry\dboxpda\testairport\bin\debug\testairport.dll" id="44079aac-a6b2-fb3e-147e-a5aaed4ee282">
      <Css projectStructure="" iteration="" />
      <Owners>
        <Owner name="" />
      </Owners>
      <TestMethod codeBase="C:\Dokumenty\Elektro\Konstrukce\RC Telemetry\DBOXPDA\TestAirport\bin\Debug\TestAirport.dll" adapterTypeName="Microsoft.VisualStudio.TestTools.TestTypes.Unit.UnitTestAdapter, Microsoft.VisualStudio.QualityTools.Tips.UnitTest.Adapter, Version=9.0.0.0, Culture=neutral, PublicKeyToken=b03f5f7f11d50a3a" className="TestAirport.AirportTest, TestAirport" name="AirportConstructorTest" />
    </UnitTest>
    <UnitTest name="get_AirportAltitudeTest" storage="c:\dokumenty\elektro\konstrukce\rc telemetry\dboxpda\testairport\bin\debug\testairport.dll" id="221a9e43-5ad8-abcc-d341-d9c24a7670c2">
      <Css projectStructure="" iteration="" />
      <Owners>
        <Owner name="" />
      </Owners>
      <TestMethod codeBase="C:\Dokumenty\Elektro\Konstrukce\RC Telemetry\DBOXPDA\TestAirport\bin\Debug\TestAirport.dll" adapterTypeName="Microsoft.VisualStudio.TestTools.TestTypes.Unit.UnitTestAdapter, Microsoft.VisualStudio.QualityTools.Tips.UnitTest.Adapter, Version=9.0.0.0, Culture=neutral, PublicKeyToken=b03f5f7f11d50a3a" className="TestAirport.AirportTest, TestAirport" name="get_AirportAltitudeTest" />
    </UnitTest>
    <UnitTest name="get_AirportIDTest" storage="c:\dokumenty\elektro\konstrukce\rc telemetry\dboxpda\testairport\bin\debug\testairport.dll" id="30e66b69-cafa-ced1-d9a5-e863a2e90e37">
      <Css projectStructure="" iteration="" />
      <Owners>
        <Owner name="" />
      </Owners>
      <TestMethod codeBase="C:\Dokumenty\Elektro\Konstrukce\RC Telemetry\DBOXPDA\TestAirport\bin\Debug\TestAirport.dll" adapterTypeName="Microsoft.VisualStudio.TestTools.TestTypes.Unit.UnitTestAdapter, Microsoft.VisualStudio.QualityTools.Tips.UnitTest.Adapter, Version=9.0.0.0, Culture=neutral, PublicKeyToken=b03f5f7f11d50a3a" className="TestAirport.AirportTest, TestAirport" name="get_AirportIDTest" />
    </UnitTest>
  </TestDefinitions>
  <TestLists>
    <TestList name="Results Not in a List" id="8c84fa94-04c1-424b-9868-57a2d4851a1d" />
    <TestList name="All Loaded Results" id="19431567-8539-422a-85d7-44ee4e166bda" />
  </TestLists>
  <TestEntries>
    <TestEntry testId="65919945-e26d-3ca8-16ed-0923d8b6e8b6" executionId="7529ec5e-cef9-46cf-bec9-1d0bd17d02cb" testListId="8c84fa94-04c1-424b-9868-57a2d4851a1d" />
    <TestEntry testId="133ce561-d845-830e-d1ce-02073c2786e6" executionId="260e4ea5-2d8d-4b71-a741-3dcaa02d0cef" testListId="8c84fa94-04c1-424b-9868-57a2d4851a1d" />
    <TestEntry testId="7ca93f27-601f-17c1-0ee3-1515365324e3" executionId="9d246fc5-f910-44d2-8060-10440b467a57" testListId="8c84fa94-04c1-424b-9868-57a2d4851a1d" />
    <TestEntry testId="af1ce17c-01a3-40c2-2f17-a98032d63d39" executionId="b20523c2-1139-4c4c-8a4d-1467e4b4e818" testListId="8c84fa94-04c1-424b-9868-57a2d4851a1d" />
    <TestEntry testId="30e66b69-cafa-ced1-d9a5-e863a2e90e37" executionId="63fe6200-5f89-4a14-9457-c55081f4cc9f" testListId="8c84fa94-04c1-424b-9868-57a2d4851a1d" />
    <TestEntry testId="221a9e43-5ad8-abcc-d341-d9c24a7670c2" executionId="a2401501-ee0a-4d3b-b3a6-76d02cb373ec" testListId="8c84fa94-04c1-424b-9868-57a2d4851a1d" />
    <TestEntry testId="44079aac-a6b2-fb3e-147e-a5aaed4ee282" executionId="895cf460-f57f-47a4-b636-8b12af01fdbe" testListId="8c84fa94-04c1-424b-9868-57a2d4851a1d" />
  </TestEntries>
  <Results>
    <UnitTestResult executionId="7529ec5e-cef9-46cf-bec9-1d0bd17d02cb" testId="65919945-e26d-3ca8-16ed-0923d8b6e8b6" testName="set_AirportNameTest" computerName="HOMEROVO" duration="00:00:00" startTime="0001-01-01T01:00:00.0000000+01:00" endTime="0001-01-01T01:00:00.0000000+01:00" testType="13cdc9d9-ddb5-4fa4-a97d-d965ccfc6d4b" outcome="NotExecuted" testListId="8c84fa94-04c1-424b-9868-57a2d4851a1d">
    </UnitTestResult>
    <UnitTestResult executionId="260e4ea5-2d8d-4b71-a741-3dcaa02d0cef" testId="133ce561-d845-830e-d1ce-02073c2786e6" testName="set_AirportIDTest" computerName="HOMEROVO" duration="00:00:00" startTime="0001-01-01T01:00:00.0000000+01:00" endTime="0001-01-01T01:00:00.0000000+01:00" testType="13cdc9d9-ddb5-4fa4-a97d-d965ccfc6d4b" outcome="NotExecuted" testListId="8c84fa94-04c1-424b-9868-57a2d4851a1d">
    </UnitTestResult>
    <UnitTestResult executionId="9d246fc5-f910-44d2-8060-10440b467a57" testId="7ca93f27-601f-17c1-0ee3-1515365324e3" testName="set_AirportAltitudeTest" computerName="HOMEROVO" duration="00:00:00" startTime="0001-01-01T01:00:00.0000000+01:00" endTime="0001-01-01T01:00:00.0000000+01:00" testType="13cdc9d9-ddb5-4fa4-a97d-d965ccfc6d4b" outcome="NotExecuted" testListId="8c84fa94-04c1-424b-9868-57a2d4851a1d">
    </UnitTestResult>
    <UnitTestResult executionId="b20523c2-1139-4c4c-8a4d-1467e4b4e818" testId="af1ce17c-01a3-40c2-2f17-a98032d63d39" testName="get_AirportNameTest" computerName="HOMEROVO" duration="00:00:00" startTime="0001-01-01T01:00:00.0000000+01:00" endTime="0001-01-01T01:00:00.0000000+01:00" testType="13cdc9d9-ddb5-4fa4-a97d-d965ccfc6d4b" outcome="NotExecuted" testListId="8c84fa94-04c1-424b-9868-57a2d4851a1d">
    </UnitTestResult>
    <UnitTestResult executionId="63fe6200-5f89-4a14-9457-c55081f4cc9f" testId="30e66b69-cafa-ced1-d9a5-e863a2e90e37" testName="get_AirportIDTest" computerName="HOMEROVO" duration="00:00:00" startTime="0001-01-01T01:00:00.0000000+01:00" endTime="0001-01-01T01:00:00.0000000+01:00" testType="13cdc9d9-ddb5-4fa4-a97d-d965ccfc6d4b" outcome="NotExecuted" testListId="8c84fa94-04c1-424b-9868-57a2d4851a1d">
    </UnitTestResult>
    <UnitTestResult executionId="a2401501-ee0a-4d3b-b3a6-76d02cb373ec" testId="221a9e43-5ad8-abcc-d341-d9c24a7670c2" testName="get_AirportAltitudeTest" computerName="HOMEROVO" duration="00:00:00" startTime="0001-01-01T01:00:00.0000000+01:00" endTime="0001-01-01T01:00:00.0000000+01:00" testType="13cdc9d9-ddb5-4fa4-a97d-d965ccfc6d4b" outcome="NotExecuted" testListId="8c84fa94-04c1-424b-9868-57a2d4851a1d">
    </UnitTestResult>
    <UnitTestResult executionId="895cf460-f57f-47a4-b636-8b12af01fdbe" testId="44079aac-a6b2-fb3e-147e-a5aaed4ee282" testName="AirportConstructorTest" computerName="HOMEROVO" duration="00:00:00" startTime="0001-01-01T01:00:00.0000000+01:00" endTime="0001-01-01T01:00:00.0000000+01:00" testType="13cdc9d9-ddb5-4fa4-a97d-d965ccfc6d4b" outcome="NotExecuted" testListId="8c84fa94-04c1-424b-9868-57a2d4851a1d">
    </UnitTestResult>
  </Results>
</TestRun>